0 info it worked if it ends with ok
1 verbose cli [ 'C:\\MyProgramm\\nodejs\\node.exe',
1 verbose cli   'C:\\MyProgramm\\nodejs\\node_modules\\npm\\bin\\npm-cli.js',
1 verbose cli   'start' ]
2 info using npm@3.10.10
3 info using node@v6.10.3
4 verbose run-script [ 'prestart', 'start', 'poststart' ]
5 info lifecycle create-data-audio@1.0.0~prestart: create-data-audio@1.0.0
6 silly lifecycle create-data-audio@1.0.0~prestart: no script for prestart, continuing
7 info lifecycle create-data-audio@1.0.0~start: create-data-audio@1.0.0
8 verbose lifecycle create-data-audio@1.0.0~start: unsafe-perm in lifecycle true
9 verbose lifecycle create-data-audio@1.0.0~start: PATH: C:\MyProgramm\nvm\v6.10.3\node_modules\npm\bin\node-gyp-bin;C:\ws_projects\ws_electron\elCreateDataLng\node_modules\.bin;C:\ProgramData\Oracle\Java\javapath;C:\Program Files (x86)\PHP\;C:\WINDOWS\system32;C:\WINDOWS;C:\WINDOWS\System32\Wbem;C:\WINDOWS\System32\WindowsPowerShell\v1.0\;C:\Program Files (x86)\ATI Technologies\ATI.ACE\Core-Static;C:\Program Files (x86)\Common Files\Autodesk Shared\;C:\Program Files\Common Files\Autodesk Shared\;C:\Program Files (x86)\Autodesk\Backburner\;C:\MyProgramm\apache-ant-1.9.6\bin;C:\Program Files (x86)\Brackets\command;%NVM_HOME%;%NVM_SYMLINK%;C:\Program Files\Git\cmd;C:\Users\Руслан\AppData\Local\Microsoft\WindowsApps;C:\MyProgramm\nvm;C:\MyProgramm\nodejs
10 verbose lifecycle create-data-audio@1.0.0~start: CWD: C:\ws_projects\ws_electron\elCreateDataLng
11 silly lifecycle create-data-audio@1.0.0~start: Args: [ '/d /s /c', 'electron .' ]
12 verbose stack Error: kill ENOSYS
12 verbose stack     at exports._errnoException (util.js:1018:11)
12 verbose stack     at process.kill (internal/process.js:190:13)
12 verbose stack     at process.listener (C:\MyProgramm\nvm\v6.10.3\node_modules\npm\node_modules\npmlog\node_modules\gauge\node_modules\signal-exit\index.js:86:15)
12 verbose stack     at emitNone (events.js:91:20)
12 verbose stack     at process.emit (events.js:185:7)
12 verbose stack     at processEmit (C:\MyProgramm\nvm\v6.10.3\node_modules\npm\node_modules\npmlog\node_modules\gauge\node_modules\signal-exit\index.js:146:32)
12 verbose stack     at processEmit (C:\MyProgramm\nvm\v6.10.3\node_modules\npm\node_modules\npm-registry-client\node_modules\npmlog\node_modules\gauge\node_modules\signal-exit\index.js:146:32)
12 verbose stack     at Signal.wrap.onsignal (internal/process.js:217:44)
13 verbose cwd C:\ws_projects\ws_electron\elCreateDataLng
14 error Windows_NT 10.0.14393
15 error argv "C:\\MyProgramm\\nodejs\\node.exe" "C:\\MyProgramm\\nodejs\\node_modules\\npm\\bin\\npm-cli.js" "start"
16 error node v6.10.3
17 error npm  v3.10.10
18 error code ENOSYS
19 error errno ENOSYS
20 error syscall kill
21 error kill ENOSYS
22 error If you need help, you may report this error at:
22 error     <https://github.com/npm/npm/issues>
23 verbose exit [ 1, true ]
